<?xml version="1.0" encoding="UTF-8" ?>
<testsuite tests="4" failures="0" name="com.cucumber.testrunner.Testrunner" time="0.008" errors="0" skipped="0">
  <properties>
[...]
</properties>
  <testcase classname="Scenario: user should login womens page in automation practise website" name="Given user should login the womens page" time="0.007"/>
  <testcase classname="Scenario: user should login womens page in automation practise website" name="When user should the click the womens tab" time="0"/>
  <testcase classname="Scenario: user should login womens page in automation practise website" name="Then user should verify the womens tab" time="0"/>
  <testcase classname="Scenario: user should login womens page in automation practise website" name="Scenario: user should login womens page in automation practise website" time="0.001"/>
</testsuite>